Generating Mesh	12.7683
Generating Mesh\Assigning Materials 	0.116283
Generating Mesh\Reading Design 	0.622614
Generating Mesh\Reading Design \Reading Design	0.515714
Generating Mesh\Reading Design \Reading Design\Do Smart Slicing	0.00297858
Generating Mesh\Reading Design \Reading Design\Simplifying Design	0.397892
Generating Mesh\Refining Surface Mesh	11.8049
Generating Mesh\Refining Surface Mesh\Checking via	0.00235408
Generating Mesh\Refining Surface Mesh\Convert Local Mesh to Global Mesh	0.398129
Generating Mesh\Refining Surface Mesh\Detecting Connectivity Problems	0.102095
Generating Mesh\Refining Surface Mesh\Insert pins MT	7.73699
Generating Mesh\Refining Surface Mesh\Locating Pins	0.0276861
Generating Mesh\Refining Surface Mesh\Locating Pins\Locating instances on layers	0.0227759
Generating Mesh\Refining Surface Mesh\Locating Pins\Locating pins on layers	0.00480783
Generating Mesh\Refining Surface Mesh\Looking for Electrically Isolated Patches 	0.208826
Generating Mesh\Refining Surface Mesh\Mark electrical interconnects	0.199728
Generating Mesh\Refining Surface Mesh\Marking Degenerate Elements	0.0610308
Generating Mesh\Refining Surface Mesh\Marking Vias	0.0138388
Generating Mesh\Refining Surface Mesh\Marking thickness for non-circular vias	0.00219558
Generating Mesh\Refining Surface Mesh\Pruning Surface Mesh 	0.290315
Generating Mesh\Refining Surface Mesh\Recovering surface attributes 	0.023634
Generating Mesh\Refining Surface Mesh\Writing ASCII surface mesh file 	2.2726
Generating Mesh\Refining Surface Mesh\Writing BINARY surface mesh file 	0.434957
Generating Mesh\SurfaceMesher	0.21537
Generating Mesh\SurfaceMesher\Generating surface mesh 	0.211555
Generating Mesh\SurfaceMesher\Generating surface mesh \Checking surface mesh consistency	0.00671642
Generating Mesh\SurfaceMesher\Generating surface mesh \Computing Aabbs	0.000683292
Generating Mesh\SurfaceMesher\Generating surface mesh \Convert Global Mesh into Local Meshes	0.019209
Generating Mesh\SurfaceMesher\Generating surface mesh \Convert Global Mesh into Local Meshes\Stabilizing mesh	0.000906208
Generating Mesh\SurfaceMesher\Generating surface mesh \Faceting	0.182602
Generating Mesh\SurfaceMesher\Generating surface mesh \Faceting\1D faceting	0.0971382
Generating Mesh\SurfaceMesher\Generating surface mesh \Faceting\1D faceting\1D meshing	0.0913629
Generating Mesh\SurfaceMesher\Generating surface mesh \Faceting\2D faceting	0.0823038
Generating Mesh\SurfaceMesher\Generating surface mesh \Faceting\2D faceting\2D meshing	0.0822941
